{"/Users/csilva/Documents/C214-lab/aula5-testes-mock/src/application/user_service.js": {"path":"/Users/csilva/Documents/C214-lab/aula5-testes-mock/src/application/user_service.js","statementMap":{"0":{"start":{"line":1,"column":17},"end":{"line":1,"column":39}},"1":{"start":{"line":3,"column":14},"end":{"line":3,"column":39}},"2":{"start":{"line":4,"column":18},"end":{"line":4,"column":47}},"3":{"start":{"line":5,"column":23},"end":{"line":5,"column":57}},"4":{"start":{"line":6,"column":20},"end":{"line":6,"column":55}},"5":{"start":{"line":7,"column":19},"end":{"line":7,"column":49}},"6":{"start":{"line":9,"column":13},"end":{"line":95,"column":1}},"7":{"start":{"line":11,"column":8},"end":{"line":28,"column":9}},"8":{"start":{"line":12,"column":31},"end":{"line":12,"column":54}},"9":{"start":{"line":13,"column":12},"end":{"line":15,"column":13}},"10":{"start":{"line":14,"column":16},"end":{"line":14,"column":34}},"11":{"start":{"line":17,"column":12},"end":{"line":17,"column":43}},"12":{"start":{"line":19,"column":29},"end":{"line":19,"column":62}},"13":{"start":{"line":21,"column":12},"end":{"line":24,"column":13}},"14":{"start":{"line":22,"column":31},"end":{"line":22,"column":55}},"15":{"start":{"line":23,"column":16},"end":{"line":23,"column":30}},"16":{"start":{"line":25,"column":12},"end":{"line":25,"column":28}},"17":{"start":{"line":27,"column":12},"end":{"line":27,"column":25}},"18":{"start":{"line":32,"column":8},"end":{"line":49,"column":9}},"19":{"start":{"line":33,"column":31},"end":{"line":33,"column":74}},"20":{"start":{"line":34,"column":12},"end":{"line":38,"column":13}},"21":{"start":{"line":35,"column":33},"end":{"line":35,"column":58}},"22":{"start":{"line":36,"column":16},"end":{"line":36,"column":46}},"23":{"start":{"line":37,"column":16},"end":{"line":37,"column":32}},"24":{"start":{"line":40,"column":29},"end":{"line":40,"column":62}},"25":{"start":{"line":42,"column":12},"end":{"line":45,"column":13}},"26":{"start":{"line":43,"column":31},"end":{"line":43,"column":54}},"27":{"start":{"line":44,"column":16},"end":{"line":44,"column":30}},"28":{"start":{"line":46,"column":12},"end":{"line":46,"column":28}},"29":{"start":{"line":48,"column":12},"end":{"line":48,"column":25}},"30":{"start":{"line":53,"column":8},"end":{"line":66,"column":9}},"31":{"start":{"line":54,"column":31},"end":{"line":54,"column":76}},"32":{"start":{"line":55,"column":12},"end":{"line":59,"column":13}},"33":{"start":{"line":56,"column":33},"end":{"line":56,"column":58}},"34":{"start":{"line":57,"column":16},"end":{"line":57,"column":46}},"35":{"start":{"line":58,"column":16},"end":{"line":58,"column":32}},"36":{"start":{"line":61,"column":29},"end":{"line":61,"column":62}},"37":{"start":{"line":63,"column":12},"end":{"line":63,"column":28}},"38":{"start":{"line":65,"column":12},"end":{"line":65,"column":25}},"39":{"start":{"line":70,"column":8},"end":{"line":83,"column":9}},"40":{"start":{"line":71,"column":31},"end":{"line":71,"column":71}},"41":{"start":{"line":72,"column":12},"end":{"line":76,"column":13}},"42":{"start":{"line":73,"column":33},"end":{"line":73,"column":58}},"43":{"start":{"line":74,"column":16},"end":{"line":74,"column":46}},"44":{"start":{"line":75,"column":16},"end":{"line":75,"column":32}},"45":{"start":{"line":78,"column":29},"end":{"line":78,"column":66}},"46":{"start":{"line":80,"column":12},"end":{"line":80,"column":28}},"47":{"start":{"line":82,"column":12},"end":{"line":82,"column":25}},"48":{"start":{"line":87,"column":8},"end":{"line":93,"column":9}},"49":{"start":{"line":88,"column":29},"end":{"line":88,"column":56}},"50":{"start":{"line":90,"column":12},"end":{"line":90,"column":28}},"51":{"start":{"line":92,"column":12},"end":{"line":92,"column":25}},"52":{"start":{"line":96,"column":0},"end":{"line":96,"column":22}}},"fnMap":{"0":{"name":"(anonymous_0)","decl":{"start":{"line":10,"column":4},"end":{"line":10,"column":5}},"loc":{"start":{"line":10,"column":23},"end":{"line":29,"column":5}},"line":10},"1":{"name":"(anonymous_1)","decl":{"start":{"line":31,"column":4},"end":{"line":31,"column":5}},"loc":{"start":{"line":31,"column":23},"end":{"line":50,"column":5}},"line":31},"2":{"name":"(anonymous_2)","decl":{"start":{"line":52,"column":4},"end":{"line":52,"column":5}},"loc":{"start":{"line":52,"column":23},"end":{"line":67,"column":5}},"line":52},"3":{"name":"(anonymous_3)","decl":{"start":{"line":69,"column":4},"end":{"line":69,"column":5}},"loc":{"start":{"line":69,"column":28},"end":{"line":84,"column":5}},"line":69},"4":{"name":"(anonymous_4)","decl":{"start":{"line":86,"column":4},"end":{"line":86,"column":5}},"loc":{"start":{"line":86,"column":17},"end":{"line":94,"column":5}},"line":86}},"branchMap":{"0":{"loc":{"start":{"line":13,"column":12},"end":{"line":15,"column":13}},"type":"if","locations":[{"start":{"line":13,"column":12},"end":{"line":15,"column":13}},{"start":{},"end":{}}],"line":13},"1":{"loc":{"start":{"line":21,"column":12},"end":{"line":24,"column":13}},"type":"if","locations":[{"start":{"line":21,"column":12},"end":{"line":24,"column":13}},{"start":{},"end":{}}],"line":21},"2":{"loc":{"start":{"line":34,"column":12},"end":{"line":38,"column":13}},"type":"if","locations":[{"start":{"line":34,"column":12},"end":{"line":38,"column":13}},{"start":{},"end":{}}],"line":34},"3":{"loc":{"start":{"line":42,"column":12},"end":{"line":45,"column":13}},"type":"if","locations":[{"start":{"line":42,"column":12},"end":{"line":45,"column":13}},{"start":{},"end":{}}],"line":42},"4":{"loc":{"start":{"line":55,"column":12},"end":{"line":59,"column":13}},"type":"if","locations":[{"start":{"line":55,"column":12},"end":{"line":59,"column":13}},{"start":{},"end":{}}],"line":55},"5":{"loc":{"start":{"line":72,"column":12},"end":{"line":76,"column":13}},"type":"if","locations":[{"start":{"line":72,"column":12},"end":{"line":76,"column":13}},{"start":{},"end":{}}],"line":72}},"s":{"0":1,"1":1,"2":1,"3":1,"4":1,"5":1,"6":1,"7":2,"8":2,"9":2,"10":0,"11":2,"12":2,"13":2,"14":1,"15":1,"16":1,"17":0,"18":1,"19":1,"20":1,"21":0,"22":0,"23":0,"24":1,"25":1,"26":0,"27":0,"28":1,"29":0,"30":1,"31":1,"32":1,"33":0,"34":0,"35":0,"36":1,"37":1,"38":0,"39":1,"40":1,"41":1,"42":0,"43":0,"44":0,"45":1,"46":1,"47":0,"48":1,"49":1,"50":1,"51":0,"52":1},"f":{"0":2,"1":1,"2":1,"3":1,"4":1},"b":{"0":[0,2],"1":[1,1],"2":[0,1],"3":[0,1],"4":[0,1],"5":[0,1]},"_coverageSchema":"1a1c01bbd47fc00a2c39e90264f33305004495a9","hash":"a1799c06c0dbfda0165d316915b92018c3eae74a"}
,"/Users/csilva/Documents/C214-lab/aula5-testes-mock/src/infrastructure/database.js": {"path":"/Users/csilva/Documents/C214-lab/aula5-testes-mock/src/infrastructure/database.js","statementMap":{"0":{"start":{"line":1,"column":17},"end":{"line":1,"column":36}},"1":{"start":{"line":3,"column":12},"end":{"line":3,"column":116}},"2":{"start":{"line":5,"column":0},"end":{"line":10,"column":3}},"3":{"start":{"line":12,"column":19},"end":{"line":12,"column":27}},"4":{"start":{"line":14,"column":19},"end":{"line":26,"column":2}},"5":{"start":{"line":28,"column":18},"end":{"line":28,"column":57}},"6":{"start":{"line":30,"column":0},"end":{"line":32,"column":2}}},"fnMap":{},"branchMap":{},"s":{"0":1,"1":1,"2":1,"3":1,"4":1,"5":1,"6":1},"f":{},"b":{},"_coverageSchema":"1a1c01bbd47fc00a2c39e90264f33305004495a9","hash":"217478382fd2f88ea57fbea1fcde4e7008107a5a"}
,"/Users/csilva/Documents/C214-lab/aula5-testes-mock/src/port/user_repository.js": {"path":"/Users/csilva/Documents/C214-lab/aula5-testes-mock/src/port/user_repository.js","statementMap":{"0":{"start":{"line":1,"column":22},"end":{"line":1,"column":59}},"1":{"start":{"line":3,"column":23},"end":{"line":55,"column":1}},"2":{"start":{"line":5,"column":8},"end":{"line":11,"column":9}},"3":{"start":{"line":6,"column":26},"end":{"line":6,"column":45}},"4":{"start":{"line":7,"column":29},"end":{"line":7,"column":47}},"5":{"start":{"line":8,"column":12},"end":{"line":8,"column":39}},"6":{"start":{"line":10,"column":12},"end":{"line":10,"column":21}},"7":{"start":{"line":15,"column":8},"end":{"line":26,"column":9}},"8":{"start":{"line":16,"column":27},"end":{"line":18,"column":13}},"9":{"start":{"line":19,"column":28},"end":{"line":19,"column":41}},"10":{"start":{"line":20,"column":27},"end":{"line":20,"column":48}},"11":{"start":{"line":21,"column":27},"end":{"line":21,"column":91}},"12":{"start":{"line":22,"column":12},"end":{"line":22,"column":42}},"13":{"start":{"line":22,"column":33},"end":{"line":22,"column":42}},"14":{"start":{"line":23,"column":12},"end":{"line":23,"column":37}},"15":{"start":{"line":25,"column":12},"end":{"line":25,"column":21}},"16":{"start":{"line":30,"column":8},"end":{"line":35,"column":9}},"17":{"start":{"line":31,"column":27},"end":{"line":31,"column":56}},"18":{"start":{"line":32,"column":12},"end":{"line":32,"column":26}},"19":{"start":{"line":34,"column":12},"end":{"line":34,"column":25}},"20":{"start":{"line":39,"column":8},"end":{"line":44,"column":9}},"21":{"start":{"line":40,"column":27},"end":{"line":40,"column":80}},"22":{"start":{"line":41,"column":12},"end":{"line":41,"column":26}},"23":{"start":{"line":43,"column":12},"end":{"line":43,"column":21}},"24":{"start":{"line":48,"column":8},"end":{"line":53,"column":9}},"25":{"start":{"line":49,"column":27},"end":{"line":49,"column":82}},"26":{"start":{"line":50,"column":12},"end":{"line":50,"column":39}},"27":{"start":{"line":52,"column":12},"end":{"line":52,"column":25}},"28":{"start":{"line":57,"column":0},"end":{"line":57,"column":32}}},"fnMap":{"0":{"name":"(anonymous_0)","decl":{"start":{"line":4,"column":4},"end":{"line":4,"column":5}},"loc":{"start":{"line":4,"column":23},"end":{"line":12,"column":5}},"line":4},"1":{"name":"(anonymous_1)","decl":{"start":{"line":14,"column":4},"end":{"line":14,"column":5}},"loc":{"start":{"line":14,"column":23},"end":{"line":27,"column":5}},"line":14},"2":{"name":"(anonymous_2)","decl":{"start":{"line":29,"column":4},"end":{"line":29,"column":5}},"loc":{"start":{"line":29,"column":17},"end":{"line":36,"column":5}},"line":29},"3":{"name":"(anonymous_3)","decl":{"start":{"line":38,"column":4},"end":{"line":38,"column":5}},"loc":{"start":{"line":38,"column":27},"end":{"line":45,"column":5}},"line":38},"4":{"name":"(anonymous_4)","decl":{"start":{"line":47,"column":4},"end":{"line":47,"column":5}},"loc":{"start":{"line":47,"column":23},"end":{"line":54,"column":5}},"line":47}},"branchMap":{"0":{"loc":{"start":{"line":22,"column":12},"end":{"line":22,"column":42}},"type":"if","locations":[{"start":{"line":22,"column":12},"end":{"line":22,"column":42}},{"start":{},"end":{}}],"line":22}},"s":{"0":1,"1":1,"2":0,"3":0,"4":0,"5":0,"6":0,"7":0,"8":0,"9":0,"10":0,"11":0,"12":0,"13":0,"14":0,"15":0,"16":0,"17":0,"18":0,"19":0,"20":0,"21":0,"22":0,"23":0,"24":0,"25":0,"26":0,"27":0,"28":1},"f":{"0":0,"1":0,"2":0,"3":0,"4":0},"b":{"0":[0,0]},"_coverageSchema":"1a1c01bbd47fc00a2c39e90264f33305004495a9","hash":"c79b3d30faf570ea8f5222df15545030ef1cf2d9"}
,"/Users/csilva/Documents/C214-lab/aula5-testes-mock/src/utils/Constants.js": {"path":"/Users/csilva/Documents/C214-lab/aula5-testes-mock/src/utils/Constants.js","statementMap":{"0":{"start":{"line":1,"column":18},"end":{"line":21,"column":1}},"1":{"start":{"line":23,"column":0},"end":{"line":23,"column":27}}},"fnMap":{},"branchMap":{},"s":{"0":3,"1":3},"f":{},"b":{},"_coverageSchema":"1a1c01bbd47fc00a2c39e90264f33305004495a9","hash":"4197d39e84db72f459f7c1e228f7661bf0edb324"}
,"/Users/csilva/Documents/C214-lab/aula5-testes-mock/src/utils/user_validation.js": {"path":"/Users/csilva/Documents/C214-lab/aula5-testes-mock/src/utils/user_validation.js","statementMap":{"0":{"start":{"line":1,"column":15},"end":{"line":20,"column":1}},"1":{"start":{"line":22,"column":15},"end":{"line":30,"column":1}},"2":{"start":{"line":32,"column":12},"end":{"line":34,"column":1}},"3":{"start":{"line":36,"column":17},"end":{"line":43,"column":1}},"4":{"start":{"line":45,"column":0},"end":{"line":50,"column":2}}},"fnMap":{},"branchMap":{},"s":{"0":2,"1":2,"2":2,"3":2,"4":2},"f":{},"b":{},"_coverageSchema":"1a1c01bbd47fc00a2c39e90264f33305004495a9","hash":"7ce67370aa63f2694596f2d850543b92f90a3e54"}
,"/Users/csilva/Documents/C214-lab/aula5-testes-mock/src/utils/utils.js": {"path":"/Users/csilva/Documents/C214-lab/aula5-testes-mock/src/utils/utils.js","statementMap":{"0":{"start":{"line":1,"column":24},"end":{"line":1,"column":52}},"1":{"start":{"line":2,"column":23},"end":{"line":2,"column":38}},"2":{"start":{"line":4,"column":18},"end":{"line":4,"column":40}},"3":{"start":{"line":6,"column":14},"end":{"line":25,"column":1}},"4":{"start":{"line":8,"column":8},"end":{"line":19,"column":9}},"5":{"start":{"line":10,"column":16},"end":{"line":10,"column":38}},"6":{"start":{"line":12,"column":16},"end":{"line":12,"column":47}},"7":{"start":{"line":14,"column":16},"end":{"line":14,"column":44}},"8":{"start":{"line":16,"column":16},"end":{"line":16,"column":45}},"9":{"start":{"line":18,"column":16},"end":{"line":18,"column":57}},"10":{"start":{"line":23,"column":8},"end":{"line":23,"column":24}},"11":{"start":{"line":27,"column":0},"end":{"line":27,"column":23}}},"fnMap":{"0":{"name":"(anonymous_0)","decl":{"start":{"line":7,"column":4},"end":{"line":7,"column":5}},"loc":{"start":{"line":7,"column":25},"end":{"line":20,"column":5}},"line":7},"1":{"name":"(anonymous_1)","decl":{"start":{"line":22,"column":4},"end":{"line":22,"column":5}},"loc":{"start":{"line":22,"column":18},"end":{"line":24,"column":5}},"line":22}},"branchMap":{"0":{"loc":{"start":{"line":8,"column":8},"end":{"line":19,"column":9}},"type":"switch","locations":[{"start":{"line":9,"column":12},"end":{"line":10,"column":38}},{"start":{"line":11,"column":12},"end":{"line":12,"column":47}},{"start":{"line":13,"column":12},"end":{"line":14,"column":44}},{"start":{"line":15,"column":12},"end":{"line":16,"column":45}},{"start":{"line":17,"column":12},"end":{"line":18,"column":57}}],"line":8}},"s":{"0":2,"1":2,"2":2,"3":2,"4":2,"5":1,"6":1,"7":0,"8":0,"9":0,"10":6,"11":2},"f":{"0":2,"1":6},"b":{"0":[1,1,0,0,0]},"_coverageSchema":"1a1c01bbd47fc00a2c39e90264f33305004495a9","hash":"94602dad59ef971460f2519480c6db693f943f3d"}
,"/Users/csilva/Documents/C214-lab/aula5-testes-mock/src/utils/validation.js": {"path":"/Users/csilva/Documents/C214-lab/aula5-testes-mock/src/utils/validation.js","statementMap":{"0":{"start":{"line":1,"column":17},"end":{"line":1,"column":39}},"1":{"start":{"line":2,"column":18},"end":{"line":2,"column":40}},"2":{"start":{"line":3,"column":20},"end":{"line":3,"column":48}},"3":{"start":{"line":5,"column":19},"end":{"line":45,"column":1}},"4":{"start":{"line":7,"column":27},"end":{"line":7,"column":70}},"5":{"start":{"line":8,"column":8},"end":{"line":12,"column":9}},"6":{"start":{"line":9,"column":29},"end":{"line":9,"column":54}},"7":{"start":{"line":10,"column":12},"end":{"line":10,"column":42}},"8":{"start":{"line":11,"column":12},"end":{"line":11,"column":28}},"9":{"start":{"line":13,"column":8},"end":{"line":13,"column":26}},"10":{"start":{"line":17,"column":27},"end":{"line":17,"column":70}},"11":{"start":{"line":18,"column":8},"end":{"line":22,"column":9}},"12":{"start":{"line":19,"column":29},"end":{"line":19,"column":54}},"13":{"start":{"line":20,"column":12},"end":{"line":20,"column":42}},"14":{"start":{"line":21,"column":12},"end":{"line":21,"column":28}},"15":{"start":{"line":23,"column":8},"end":{"line":23,"column":26}},"16":{"start":{"line":27,"column":27},"end":{"line":27,"column":72}},"17":{"start":{"line":28,"column":8},"end":{"line":32,"column":9}},"18":{"start":{"line":29,"column":29},"end":{"line":29,"column":54}},"19":{"start":{"line":30,"column":12},"end":{"line":30,"column":42}},"20":{"start":{"line":31,"column":12},"end":{"line":31,"column":28}},"21":{"start":{"line":33,"column":8},"end":{"line":33,"column":26}},"22":{"start":{"line":37,"column":27},"end":{"line":37,"column":67}},"23":{"start":{"line":38,"column":8},"end":{"line":42,"column":9}},"24":{"start":{"line":39,"column":29},"end":{"line":39,"column":54}},"25":{"start":{"line":40,"column":12},"end":{"line":40,"column":42}},"26":{"start":{"line":41,"column":12},"end":{"line":41,"column":28}},"27":{"start":{"line":43,"column":8},"end":{"line":43,"column":26}},"28":{"start":{"line":46,"column":0},"end":{"line":46,"column":28}}},"fnMap":{"0":{"name":"(anonymous_0)","decl":{"start":{"line":6,"column":4},"end":{"line":6,"column":5}},"loc":{"start":{"line":6,"column":17},"end":{"line":14,"column":5}},"line":6},"1":{"name":"(anonymous_1)","decl":{"start":{"line":16,"column":4},"end":{"line":16,"column":5}},"loc":{"start":{"line":16,"column":17},"end":{"line":24,"column":5}},"line":16},"2":{"name":"(anonymous_2)","decl":{"start":{"line":26,"column":4},"end":{"line":26,"column":5}},"loc":{"start":{"line":26,"column":19},"end":{"line":34,"column":5}},"line":26},"3":{"name":"(anonymous_3)","decl":{"start":{"line":36,"column":4},"end":{"line":36,"column":5}},"loc":{"start":{"line":36,"column":14},"end":{"line":44,"column":5}},"line":36}},"branchMap":{"0":{"loc":{"start":{"line":8,"column":8},"end":{"line":12,"column":9}},"type":"if","locations":[{"start":{"line":8,"column":8},"end":{"line":12,"column":9}},{"start":{},"end":{}}],"line":8},"1":{"loc":{"start":{"line":18,"column":8},"end":{"line":22,"column":9}},"type":"if","locations":[{"start":{"line":18,"column":8},"end":{"line":22,"column":9}},{"start":{},"end":{}}],"line":18},"2":{"loc":{"start":{"line":28,"column":8},"end":{"line":32,"column":9}},"type":"if","locations":[{"start":{"line":28,"column":8},"end":{"line":32,"column":9}},{"start":{},"end":{}}],"line":28},"3":{"loc":{"start":{"line":38,"column":8},"end":{"line":42,"column":9}},"type":"if","locations":[{"start":{"line":38,"column":8},"end":{"line":42,"column":9}},{"start":{},"end":{}}],"line":38}},"s":{"0":2,"1":2,"2":2,"3":2,"4":4,"5":4,"6":1,"7":1,"8":1,"9":3,"10":1,"11":1,"12":0,"13":0,"14":0,"15":1,"16":1,"17":1,"18":0,"19":0,"20":0,"21":1,"22":2,"23":2,"24":0,"25":0,"26":0,"27":2,"28":2},"f":{"0":4,"1":1,"2":1,"3":2},"b":{"0":[1,3],"1":[0,1],"2":[0,1],"3":[0,2]},"_coverageSchema":"1a1c01bbd47fc00a2c39e90264f33305004495a9","hash":"1c7143fa001d00ab0db65cd21707bef60f4ef84f"}
}
