{"/Users/csilva/Documents/c214lab/aula4-api/src/utils/Constants.js": {"path":"/Users/csilva/Documents/c214lab/aula4-api/src/utils/Constants.js","statementMap":{"0":{"start":{"line":1,"column":18},"end":{"line":21,"column":1}},"1":{"start":{"line":23,"column":0},"end":{"line":23,"column":27}}},"fnMap":{},"branchMap":{},"s":{"0":2,"1":2},"f":{},"b":{},"_coverageSchema":"1a1c01bbd47fc00a2c39e90264f33305004495a9","hash":"2fe4df78c61fa23241581424687a4d3dd07bd292"}
,"/Users/csilva/Documents/c214lab/aula4-api/src/utils/user_validation.js": {"path":"/Users/csilva/Documents/c214lab/aula4-api/src/utils/user_validation.js","statementMap":{"0":{"start":{"line":1,"column":15},"end":{"line":21,"column":1}},"1":{"start":{"line":23,"column":15},"end":{"line":43,"column":1}},"2":{"start":{"line":45,"column":12},"end":{"line":47,"column":1}},"3":{"start":{"line":49,"column":17},"end":{"line":56,"column":1}},"4":{"start":{"line":58,"column":0},"end":{"line":63,"column":2}}},"fnMap":{},"branchMap":{},"s":{"0":1,"1":1,"2":1,"3":1,"4":1},"f":{},"b":{},"_coverageSchema":"1a1c01bbd47fc00a2c39e90264f33305004495a9","hash":"d4297333f27b2ad2f770004505c435b10245ddb0"}
,"/Users/csilva/Documents/c214lab/aula4-api/src/utils/utils.js": {"path":"/Users/csilva/Documents/c214lab/aula4-api/src/utils/utils.js","statementMap":{"0":{"start":{"line":1,"column":24},"end":{"line":1,"column":52}},"1":{"start":{"line":2,"column":23},"end":{"line":2,"column":38}},"2":{"start":{"line":4,"column":18},"end":{"line":4,"column":40}},"3":{"start":{"line":6,"column":14},"end":{"line":25,"column":1}},"4":{"start":{"line":8,"column":8},"end":{"line":19,"column":9}},"5":{"start":{"line":10,"column":16},"end":{"line":10,"column":38}},"6":{"start":{"line":12,"column":16},"end":{"line":12,"column":47}},"7":{"start":{"line":14,"column":16},"end":{"line":14,"column":44}},"8":{"start":{"line":16,"column":16},"end":{"line":16,"column":45}},"9":{"start":{"line":18,"column":16},"end":{"line":18,"column":57}},"10":{"start":{"line":23,"column":8},"end":{"line":23,"column":24}},"11":{"start":{"line":27,"column":0},"end":{"line":27,"column":23}}},"fnMap":{"0":{"name":"(anonymous_0)","decl":{"start":{"line":7,"column":4},"end":{"line":7,"column":5}},"loc":{"start":{"line":7,"column":25},"end":{"line":20,"column":5}},"line":7},"1":{"name":"(anonymous_1)","decl":{"start":{"line":22,"column":4},"end":{"line":22,"column":5}},"loc":{"start":{"line":22,"column":18},"end":{"line":24,"column":5}},"line":22}},"branchMap":{"0":{"loc":{"start":{"line":8,"column":8},"end":{"line":19,"column":9}},"type":"switch","locations":[{"start":{"line":9,"column":12},"end":{"line":10,"column":38}},{"start":{"line":11,"column":12},"end":{"line":12,"column":47}},{"start":{"line":13,"column":12},"end":{"line":14,"column":44}},{"start":{"line":15,"column":12},"end":{"line":16,"column":45}},{"start":{"line":17,"column":12},"end":{"line":18,"column":57}}],"line":8}},"s":{"0":1,"1":1,"2":1,"3":1,"4":2,"5":1,"6":1,"7":0,"8":0,"9":0,"10":0,"11":1},"f":{"0":2,"1":0},"b":{"0":[1,1,0,0,0]},"_coverageSchema":"1a1c01bbd47fc00a2c39e90264f33305004495a9","hash":"9db2cc9f57b70422dde87ae1634b655885f05956"}
,"/Users/csilva/Documents/c214lab/aula4-api/src/utils/validation.js": {"path":"/Users/csilva/Documents/c214lab/aula4-api/src/utils/validation.js","statementMap":{"0":{"start":{"line":1,"column":17},"end":{"line":1,"column":39}},"1":{"start":{"line":2,"column":18},"end":{"line":2,"column":40}},"2":{"start":{"line":3,"column":20},"end":{"line":3,"column":48}},"3":{"start":{"line":5,"column":19},"end":{"line":45,"column":1}},"4":{"start":{"line":7,"column":27},"end":{"line":7,"column":70}},"5":{"start":{"line":8,"column":8},"end":{"line":12,"column":9}},"6":{"start":{"line":9,"column":29},"end":{"line":9,"column":54}},"7":{"start":{"line":10,"column":12},"end":{"line":10,"column":42}},"8":{"start":{"line":11,"column":12},"end":{"line":11,"column":28}},"9":{"start":{"line":13,"column":8},"end":{"line":13,"column":26}},"10":{"start":{"line":17,"column":27},"end":{"line":17,"column":70}},"11":{"start":{"line":18,"column":8},"end":{"line":22,"column":9}},"12":{"start":{"line":19,"column":29},"end":{"line":19,"column":54}},"13":{"start":{"line":20,"column":12},"end":{"line":20,"column":42}},"14":{"start":{"line":21,"column":12},"end":{"line":21,"column":28}},"15":{"start":{"line":23,"column":8},"end":{"line":23,"column":26}},"16":{"start":{"line":27,"column":27},"end":{"line":27,"column":72}},"17":{"start":{"line":28,"column":8},"end":{"line":32,"column":9}},"18":{"start":{"line":29,"column":29},"end":{"line":29,"column":54}},"19":{"start":{"line":30,"column":12},"end":{"line":30,"column":42}},"20":{"start":{"line":31,"column":12},"end":{"line":31,"column":28}},"21":{"start":{"line":33,"column":8},"end":{"line":33,"column":26}},"22":{"start":{"line":37,"column":27},"end":{"line":37,"column":67}},"23":{"start":{"line":38,"column":8},"end":{"line":42,"column":9}},"24":{"start":{"line":39,"column":29},"end":{"line":39,"column":54}},"25":{"start":{"line":40,"column":12},"end":{"line":40,"column":42}},"26":{"start":{"line":41,"column":12},"end":{"line":41,"column":28}},"27":{"start":{"line":43,"column":8},"end":{"line":43,"column":26}},"28":{"start":{"line":46,"column":0},"end":{"line":46,"column":28}}},"fnMap":{"0":{"name":"(anonymous_0)","decl":{"start":{"line":6,"column":4},"end":{"line":6,"column":5}},"loc":{"start":{"line":6,"column":17},"end":{"line":14,"column":5}},"line":6},"1":{"name":"(anonymous_1)","decl":{"start":{"line":16,"column":4},"end":{"line":16,"column":5}},"loc":{"start":{"line":16,"column":17},"end":{"line":24,"column":5}},"line":16},"2":{"name":"(anonymous_2)","decl":{"start":{"line":26,"column":4},"end":{"line":26,"column":5}},"loc":{"start":{"line":26,"column":19},"end":{"line":34,"column":5}},"line":26},"3":{"name":"(anonymous_3)","decl":{"start":{"line":36,"column":4},"end":{"line":36,"column":5}},"loc":{"start":{"line":36,"column":14},"end":{"line":44,"column":5}},"line":36}},"branchMap":{"0":{"loc":{"start":{"line":8,"column":8},"end":{"line":12,"column":9}},"type":"if","locations":[{"start":{"line":8,"column":8},"end":{"line":12,"column":9}},{"start":{},"end":{}}],"line":8},"1":{"loc":{"start":{"line":18,"column":8},"end":{"line":22,"column":9}},"type":"if","locations":[{"start":{"line":18,"column":8},"end":{"line":22,"column":9}},{"start":{},"end":{}}],"line":18},"2":{"loc":{"start":{"line":28,"column":8},"end":{"line":32,"column":9}},"type":"if","locations":[{"start":{"line":28,"column":8},"end":{"line":32,"column":9}},{"start":{},"end":{}}],"line":28},"3":{"loc":{"start":{"line":38,"column":8},"end":{"line":42,"column":9}},"type":"if","locations":[{"start":{"line":38,"column":8},"end":{"line":42,"column":9}},{"start":{},"end":{}}],"line":38}},"s":{"0":1,"1":1,"2":1,"3":1,"4":3,"5":3,"6":1,"7":1,"8":1,"9":2,"10":1,"11":1,"12":0,"13":0,"14":0,"15":1,"16":1,"17":1,"18":0,"19":0,"20":0,"21":1,"22":1,"23":1,"24":0,"25":0,"26":0,"27":1,"28":1},"f":{"0":3,"1":1,"2":1,"3":1},"b":{"0":[1,2],"1":[0,1],"2":[0,1],"3":[0,1]},"_coverageSchema":"1a1c01bbd47fc00a2c39e90264f33305004495a9","hash":"20209ce51b77ec0c6fc625e5b82c1b1aba504843"}
}
