TN:
SF:src/utils/Constants.js
FNF:0
FNH:0
DA:1,2
DA:23,2
LF:2
LH:2
BRF:0
BRH:0
end_of_record
TN:
SF:src/utils/user_validation.js
FNF:0
FNH:0
DA:1,1
DA:23,1
DA:45,1
DA:49,1
DA:58,1
LF:5
LH:5
BRF:0
BRH:0
end_of_record
TN:
SF:src/utils/utils.js
FN:7,(anonymous_0)
FN:22,(anonymous_1)
FNF:2
FNH:1
FNDA:2,(anonymous_0)
FNDA:0,(anonymous_1)
DA:1,1
DA:2,1
DA:4,1
DA:6,1
DA:8,2
DA:10,1
DA:12,1
DA:14,0
DA:16,0
DA:18,0
DA:23,0
DA:27,1
LF:12
LH:8
BRDA:8,0,0,1
BRDA:8,0,1,1
BRDA:8,0,2,0
BRDA:8,0,3,0
BRDA:8,0,4,0
BRF:5
BRH:2
end_of_record
TN:
SF:src/utils/validation.js
FN:6,(anonymous_0)
FN:16,(anonymous_1)
FN:26,(anonymous_2)
FN:36,(anonymous_3)
FNF:4
FNH:4
FNDA:3,(anonymous_0)
FNDA:1,(anonymous_1)
FNDA:1,(anonymous_2)
FNDA:1,(anonymous_3)
DA:1,1
DA:2,1
DA:3,1
DA:5,1
DA:7,3
DA:8,3
DA:9,1
DA:10,1
DA:11,1
DA:13,2
DA:17,1
DA:18,1
DA:19,0
DA:20,0
DA:21,0
DA:23,1
DA:27,1
DA:28,1
DA:29,0
DA:30,0
DA:31,0
DA:33,1
DA:37,1
DA:38,1
DA:39,0
DA:40,0
DA:41,0
DA:43,1
DA:46,1
LF:29
LH:20
BRDA:8,0,0,1
BRDA:8,0,1,2
BRDA:18,1,0,0
BRDA:18,1,1,1
BRDA:28,2,0,0
BRDA:28,2,1,1
BRDA:38,3,0,0
BRDA:38,3,1,1
BRF:8
BRH:5
end_of_record
